<?xml version="1.0" encoding="UTF-8"?>
<!-- Generated by org.testng.reporters.JUnitReportReporter -->
<testsuite ignored="0" hostname="DESKTOP-OJM9SKA" failures="0" tests="6" name="com.clinic.testcases.TestCase_SignIn" time="164.819" errors="0" timestamp="27 Dec 2023 01:34:45 GMT" skipped="0">
  <testcase classname="com.clinic.testcases.TestCase_SignIn" name="signIn_TC5" time="26.010"/>
  <testcase classname="com.clinic.testcases.TestCase_SignIn" name="signIn_TC1" time="33.893"/>
  <testcase classname="com.clinic.testcases.TestCase_SignIn" name="signIn_TC4" time="26.892"/>
  <testcase classname="com.clinic.testcases.TestCase_SignIn" name="signIn_TC6" time="24.543"/>
  <testcase classname="com.clinic.testcases.TestCase_SignIn" name="signIn_TC2" time="25.171"/>
  <testcase classname="com.clinic.testcases.TestCase_SignIn" name="signIn_TC3" time="28.310"/>
</testsuite> <!-- com.clinic.testcases.TestCase_SignIn -->
