<?xml version="1.0" encoding="UTF-8"?>
<!-- Generated by org.testng.reporters.JUnitReportReporter -->
<testsuite ignored="0" hostname="DESKTOP-OJM9SKA" failures="0" tests="1" name="com.clinic.testcases.TestCase_SignIn" time="16.562" errors="0" timestamp="23 Dec 2023 14:31:13 GMT" skipped="0">
  <testcase classname="com.clinic.testcases.TestCase_SignIn" name="signIn_TC1" time="16.562"/>
</testsuite> <!-- com.clinic.testcases.TestCase_SignIn -->
