<?xml version="1.0" encoding="UTF-8"?>
<!-- Generated by org.testng.reporters.JUnitReportReporter -->
<testsuite hostname="DESKTOP-OJM9SKA" failures="0" tests="1" name="huytester.testcases.SignInTest" time="20.492" errors="0" timestamp="2023-12-22T23:35:21 ICT" skipped="0">
  <testcase classname="huytester.testcases.SignInTest" name="abc" time="20.492"/>
  <system-out/>
</testsuite> <!-- huytester.testcases.SignInTest -->
