<?xml version="1.0" encoding="UTF-8"?>
<!-- Generated by org.testng.reporters.JUnitReportReporter -->
<testsuite ignored="0" hostname="DESKTOP-OJM9SKA" failures="0" tests="6" name="com.clinic.testcases.TestCase_SignIn" time="169.941" errors="0" timestamp="26 Dec 2023 17:02:45 GMT" skipped="0">
  <testcase classname="com.clinic.testcases.TestCase_SignIn" name="signIn_TC1" time="27.526"/>
  <testcase classname="com.clinic.testcases.TestCase_SignIn" name="signIn_TC2" time="25.436"/>
  <testcase classname="com.clinic.testcases.TestCase_SignIn" name="signIn_TC6" time="39.202"/>
  <testcase classname="com.clinic.testcases.TestCase_SignIn" name="signIn_TC3" time="24.859"/>
  <testcase classname="com.clinic.testcases.TestCase_SignIn" name="signIn_TC5" time="25.539"/>
  <testcase classname="com.clinic.testcases.TestCase_SignIn" name="signIn_TC4" time="27.379"/>
</testsuite> <!-- com.clinic.testcases.TestCase_SignIn -->
