<?xml version="1.0" encoding="UTF-8"?>
<!-- Generated by org.testng.reporters.JUnitReportReporter -->
<testsuite ignored="0" hostname="DESKTOP-OJM9SKA" failures="0" tests="6" name="com.clinic.testcases.TestCase_SignIn" time="174.612" errors="0" timestamp="27 Dec 2023 02:27:50 GMT" skipped="0">
  <testcase classname="com.clinic.testcases.TestCase_SignIn" name="signIn_TC1" time="29.654"/>
  <testcase classname="com.clinic.testcases.TestCase_SignIn" name="signIn_TC3" time="32.012"/>
  <testcase classname="com.clinic.testcases.TestCase_SignIn" name="signIn_TC2" time="29.350"/>
  <testcase classname="com.clinic.testcases.TestCase_SignIn" name="signIn_TC4" time="27.579"/>
  <testcase classname="com.clinic.testcases.TestCase_SignIn" name="signIn_TC6" time="29.380"/>
  <testcase classname="com.clinic.testcases.TestCase_SignIn" name="signIn_TC5" time="26.637"/>
</testsuite> <!-- com.clinic.testcases.TestCase_SignIn -->
