<?xml version="1.0" encoding="UTF-8"?>
<!-- Generated by org.testng.reporters.JUnitReportReporter -->
<testsuite ignored="0" hostname="DESKTOP-OJM9SKA" failures="0" tests="1" name="com.clinic.testcases.TestCase_SignIn" time="19.033" errors="0" timestamp="31 Dec 2023 10:52:45 GMT" skipped="0">
  <testcase classname="com.clinic.testcases.TestCase_SignIn" name="signIn_TC1" time="19.033"/>
</testsuite> <!-- com.clinic.testcases.TestCase_SignIn -->
